loading file https://s3.amazonaws.com/models.huggingface.co/bert/bert-base-multilingual-cased-vocab.txt from cache at C:\Users\Samuel\.cache\torch\pytorch_transformers\96435fa287fbf7e469185f1062386e05a075cadbf6838b74da22bf64b080bc32.99bcd55fc66f4f3360bc49ba472b940b8dcf223ea6a345deb969d607ca900729
loading configuration file https://s3.amazonaws.com/models.huggingface.co/bert/bert-base-multilingual-cased-config.json from cache at C:\Users\Samuel\.cache\torch\pytorch_transformers\45629519f3117b89d89fd9c740073d8e4c1f0a70f9842476185100a8afe715d1.65df3cef028a0c91a7b059e4c404a975ebe6843c71267b67019c0e9cfa8a88f0
Model config {
  "architectures": [
    "BertForMaskedLM"
  ],
  "attention_probs_dropout_prob": 0.1,
  "directionality": "bidi",
  "finetuning_task": null,
  "hidden_act": "gelu",
  "hidden_dropout_prob": 0.1,
  "hidden_size": 768,
  "initializer_range": 0.02,
  "intermediate_size": 3072,
  "layer_norm_eps": 1e-12,
  "max_position_embeddings": 512,
  "model_type": "bert",
  "num_attention_heads": 12,
  "num_hidden_layers": 12,
  "num_labels": 2,
  "output_attentions": false,
  "output_hidden_states": false,
  "pad_token_id": 0,
  "pooler_fc_size": 768,
  "pooler_num_attention_heads": 12,
  "pooler_num_fc_layers": 3,
  "pooler_size_per_head": 128,
  "pooler_type": "first_token_transform",
  "pruned_heads": {},
  "torchscript": false,
  "type_vocab_size": 2,
  "vocab_size": 119547
}

loading weights file https://s3.amazonaws.com/models.huggingface.co/bert/bert-base-multilingual-cased-pytorch_model.bin from cache at C:\Users\Samuel\.cache\torch\pytorch_transformers\5b5b80054cd2c95a946a8e0ce0b93f56326dff9fbda6a6c3e02de3c91c918342.7131dcb754361639a7d5526985f880879c9bfd144b65a0bf50590bddb7de9059
              precision    recall  f1-score   support

           _       0.00      0.00      0.00         2

   micro avg       0.00      0.00      0.00         2
   macro avg       0.00      0.00      0.00         2
weighted avg       0.00      0.00      0.00         2

