loading file https://s3.amazonaws.com/models.huggingface.co/bert/bert-base-multilingual-uncased-vocab.txt from cache at C:\Users\Samuel\.cache\torch\pytorch_transformers\bb773818882b0524dc53a1b31a2cc95bc489f000e7e19773ba07846011a6c711.535306b226c42cebebbc0dabc83b92ab11260e9919e21e2ab0beb301f267b4c7
https://s3.amazonaws.com/models.huggingface.co/bert/bert-base-multilingual-uncased-config.json not found in cache or force_download set to True, downloading to C:\Users\Samuel\AppData\Local\Temp\tmpk2ddl6hd
copying C:\Users\Samuel\AppData\Local\Temp\tmpk2ddl6hd to cache at C:\Users\Samuel\.cache\torch\pytorch_transformers\33b56ce0f312e47e4d77a57791a4fc6233ae4a560dd2bdd186107058294e58ab.fcb1786f49c279f0e0f158c9972b9bd9f6c0edb5d893dcb9b530d714d86f0edc
creating metadata file for C:\Users\Samuel\.cache\torch\pytorch_transformers\33b56ce0f312e47e4d77a57791a4fc6233ae4a560dd2bdd186107058294e58ab.fcb1786f49c279f0e0f158c9972b9bd9f6c0edb5d893dcb9b530d714d86f0edc
removing temp file C:\Users\Samuel\AppData\Local\Temp\tmpk2ddl6hd
loading configuration file https://s3.amazonaws.com/models.huggingface.co/bert/bert-base-multilingual-uncased-config.json from cache at C:\Users\Samuel\.cache\torch\pytorch_transformers\33b56ce0f312e47e4d77a57791a4fc6233ae4a560dd2bdd186107058294e58ab.fcb1786f49c279f0e0f158c9972b9bd9f6c0edb5d893dcb9b530d714d86f0edc
Model config {
  "architectures": [
    "BertForMaskedLM"
  ],
  "attention_probs_dropout_prob": 0.1,
  "directionality": "bidi",
  "finetuning_task": null,
  "hidden_act": "gelu",
  "hidden_dropout_prob": 0.1,
  "hidden_size": 768,
  "initializer_range": 0.02,
  "intermediate_size": 3072,
  "layer_norm_eps": 1e-12,
  "max_position_embeddings": 512,
  "model_type": "bert",
  "num_attention_heads": 12,
  "num_hidden_layers": 12,
  "num_labels": 2,
  "output_attentions": false,
  "output_hidden_states": false,
  "pad_token_id": 0,
  "pooler_fc_size": 768,
  "pooler_num_attention_heads": 12,
  "pooler_num_fc_layers": 3,
  "pooler_size_per_head": 128,
  "pooler_type": "first_token_transform",
  "pruned_heads": {},
  "torchscript": false,
  "type_vocab_size": 2,
  "vocab_size": 105879
}

https://s3.amazonaws.com/models.huggingface.co/bert/bert-base-multilingual-uncased-pytorch_model.bin not found in cache or force_download set to True, downloading to C:\Users\Samuel\AppData\Local\Temp\tmply1ixfid
copying C:\Users\Samuel\AppData\Local\Temp\tmply1ixfid to cache at C:\Users\Samuel\.cache\torch\pytorch_transformers\cc4042a0d6f70eae595ea0e6d49521b17bd6251f973b3e37d303ce7945b90eed.54b4dad9cc3db9aa8448458b782d11ab07c80dedb951906fd2f684a00ecdb1ee
creating metadata file for C:\Users\Samuel\.cache\torch\pytorch_transformers\cc4042a0d6f70eae595ea0e6d49521b17bd6251f973b3e37d303ce7945b90eed.54b4dad9cc3db9aa8448458b782d11ab07c80dedb951906fd2f684a00ecdb1ee
removing temp file C:\Users\Samuel\AppData\Local\Temp\tmply1ixfid
loading weights file https://s3.amazonaws.com/models.huggingface.co/bert/bert-base-multilingual-uncased-pytorch_model.bin from cache at C:\Users\Samuel\.cache\torch\pytorch_transformers\cc4042a0d6f70eae595ea0e6d49521b17bd6251f973b3e37d303ce7945b90eed.54b4dad9cc3db9aa8448458b782d11ab07c80dedb951906fd2f684a00ecdb1ee
              precision    recall  f1-score   support

           _       0.91      0.93      0.92        74

   micro avg       0.91      0.93      0.92        74
   macro avg       0.91      0.93      0.92        74
weighted avg       0.91      0.93      0.92        74

